{"timestamp":"2026-02-28T15:00:30.473321Z","level":"INFO","fields":{"message":"tracing initialized","level":"info","directory":"logs"},"target":"pure_admin_thin_tauri_lib::core::tracing","threadName":"main","threadId":"ThreadId(1)"}
{"timestamp":"2026-02-28T15:00:31.721272Z","level":"INFO","fields":{"message":"startup: configuring database url"},"target":"pure_admin_thin_tauri_lib","threadName":"main","threadId":"ThreadId(1)"}
{"timestamp":"2026-02-28T15:00:31.721330Z","level":"INFO","fields":{"message":"startup: initializing business database"},"target":"pure_admin_thin_tauri_lib","threadName":"main","threadId":"ThreadId(1)"}
{"timestamp":"2026-02-28T15:00:31.836897Z","level":"INFO","fields":{"message":"关系 \"users\" 已经存在, 跳过"},"target":"sqlx::postgres::notice","threadName":"main","threadId":"ThreadId(1)"}
{"timestamp":"2026-02-28T15:00:31.837887Z","level":"INFO","fields":{"message":"关系 \"user_roles\" 已经存在, 跳过"},"target":"sqlx::postgres::notice","threadName":"main","threadId":"ThreadId(1)"}
{"timestamp":"2026-02-28T15:00:31.837960Z","level":"INFO","fields":{"message":"关系 \"permissions\" 已经存在, 跳过"},"target":"sqlx::postgres::notice","threadName":"main","threadId":"ThreadId(1)"}
{"timestamp":"2026-02-28T15:00:31.837999Z","level":"INFO","fields":{"message":"关系 \"user_permissions\" 已经存在, 跳过"},"target":"sqlx::postgres::notice","threadName":"main","threadId":"ThreadId(1)"}
{"timestamp":"2026-02-28T15:00:31.838041Z","level":"INFO","fields":{"message":"关系 \"routes\" 已经存在, 跳过"},"target":"sqlx::postgres::notice","threadName":"main","threadId":"ThreadId(1)"}
{"timestamp":"2026-02-28T15:00:31.838162Z","level":"INFO","fields":{"message":"关系 \"route_roles\" 已经存在, 跳过"},"target":"sqlx::postgres::notice","threadName":"main","threadId":"ThreadId(1)"}
{"timestamp":"2026-02-28T15:00:31.838216Z","level":"INFO","fields":{"message":"关系 \"route_auths\" 已经存在, 跳过"},"target":"sqlx::postgres::notice","threadName":"main","threadId":"ThreadId(1)"}
{"timestamp":"2026-02-28T15:00:31.838243Z","level":"INFO","fields":{"message":"关系 \"device_registry\" 已经存在, 跳过"},"target":"sqlx::postgres::notice","threadName":"main","threadId":"ThreadId(1)"}
{"timestamp":"2026-02-28T15:00:31.838284Z","level":"INFO","fields":{"message":"关系 \"casbin_rule\" 已经存在, 跳过"},"target":"sqlx::postgres::notice","threadName":"main","threadId":"ThreadId(1)"}
{"timestamp":"2026-02-28T15:00:31.860354Z","level":"INFO","fields":{"message":"关系 \"app_migrations\" 已经存在, 跳过"},"target":"sqlx::postgres::notice","threadName":"main","threadId":"ThreadId(1)"}
{"timestamp":"2026-02-28T15:00:31.865974Z","level":"INFO","fields":{"message":"关系 \"app_migrations\" 已经存在, 跳过"},"target":"sqlx::postgres::notice","threadName":"main","threadId":"ThreadId(1)"}
{"timestamp":"2026-02-28T15:00:31.866830Z","level":"INFO","fields":{"message":"关系 \"app_migrations\" 已经存在, 跳过"},"target":"sqlx::postgres::notice","threadName":"main","threadId":"ThreadId(1)"}
{"timestamp":"2026-02-28T15:00:31.867561Z","level":"INFO","fields":{"message":"关系 \"app_migrations\" 已经存在, 跳过"},"target":"sqlx::postgres::notice","threadName":"main","threadId":"ThreadId(1)"}
{"timestamp":"2026-02-28T15:00:31.868830Z","level":"INFO","fields":{"message":"startup: running auth expiration compensation"},"target":"pure_admin_thin_tauri_lib","threadName":"main","threadId":"ThreadId(1)"}
{"timestamp":"2026-02-28T15:00:31.996524Z","level":"INFO","fields":{"summary":"UPDATE \"users\" SET \"is_active\" …","db.statement":"\n\nUPDATE \"users\" SET \"is_active\" = $1, \"updated_at\" = $2 WHERE \"users\".\"is_active\" = $3 AND \"users\".\"account_is_permanent\" = $4 AND \"users\".\"account_expire_at\" IS NOT NULL AND \"users\".\"account_expire_at\" <= $5\n","rows_affected":0,"rows_returned":0,"elapsed":"8.068ms","elapsed_secs":0.008068},"target":"sqlx::query","threadName":"main","threadId":"ThreadId(1)"}
{"timestamp":"2026-02-28T15:00:31.996756Z","level":"INFO","fields":{"message":"startup: initializing notice database"},"target":"pure_admin_thin_tauri_lib","threadName":"main","threadId":"ThreadId(1)"}
{"timestamp":"2026-02-28T15:00:32.138345Z","level":"INFO","fields":{"message":"关系 \"notice_items\" 已经存在, 跳过"},"target":"sqlx::postgres::notice","threadName":"main","threadId":"ThreadId(1)"}
{"timestamp":"2026-02-28T15:15:06.091371Z","level":"INFO","fields":{"message":"tracing initialized","level":"info","directory":"logs"},"target":"pure_admin_thin_tauri_lib::core::tracing","threadName":"main","threadId":"ThreadId(1)"}
{"timestamp":"2026-02-28T15:15:07.239069Z","level":"INFO","fields":{"message":"startup: configuring database url"},"target":"pure_admin_thin_tauri_lib","threadName":"main","threadId":"ThreadId(1)"}
{"timestamp":"2026-02-28T15:15:07.239130Z","level":"INFO","fields":{"message":"startup: initializing business database"},"target":"pure_admin_thin_tauri_lib","threadName":"main","threadId":"ThreadId(1)"}
{"timestamp":"2026-02-28T15:15:07.513000Z","level":"INFO","fields":{"message":"关系 \"users\" 已经存在, 跳过"},"target":"sqlx::postgres::notice","threadName":"main","threadId":"ThreadId(1)"}
{"timestamp":"2026-02-28T15:15:07.514698Z","level":"INFO","fields":{"message":"关系 \"user_roles\" 已经存在, 跳过"},"target":"sqlx::postgres::notice","threadName":"main","threadId":"ThreadId(1)"}
{"timestamp":"2026-02-28T15:15:07.514765Z","level":"INFO","fields":{"message":"关系 \"permissions\" 已经存在, 跳过"},"target":"sqlx::postgres::notice","threadName":"main","threadId":"ThreadId(1)"}
{"timestamp":"2026-02-28T15:15:07.514795Z","level":"INFO","fields":{"message":"关系 \"user_permissions\" 已经存在, 跳过"},"target":"sqlx::postgres::notice","threadName":"main","threadId":"ThreadId(1)"}
{"timestamp":"2026-02-28T15:15:07.514822Z","level":"INFO","fields":{"message":"关系 \"routes\" 已经存在, 跳过"},"target":"sqlx::postgres::notice","threadName":"main","threadId":"ThreadId(1)"}
{"timestamp":"2026-02-28T15:15:07.514849Z","level":"INFO","fields":{"message":"关系 \"route_roles\" 已经存在, 跳过"},"target":"sqlx::postgres::notice","threadName":"main","threadId":"ThreadId(1)"}
{"timestamp":"2026-02-28T15:15:07.514880Z","level":"INFO","fields":{"message":"关系 \"route_auths\" 已经存在, 跳过"},"target":"sqlx::postgres::notice","threadName":"main","threadId":"ThreadId(1)"}
{"timestamp":"2026-02-28T15:15:07.514908Z","level":"INFO","fields":{"message":"关系 \"device_registry\" 已经存在, 跳过"},"target":"sqlx::postgres::notice","threadName":"main","threadId":"ThreadId(1)"}
{"timestamp":"2026-02-28T15:15:07.514936Z","level":"INFO","fields":{"message":"关系 \"casbin_rule\" 已经存在, 跳过"},"target":"sqlx::postgres::notice","threadName":"main","threadId":"ThreadId(1)"}
{"timestamp":"2026-02-28T15:15:07.544207Z","level":"INFO","fields":{"message":"关系 \"app_migrations\" 已经存在, 跳过"},"target":"sqlx::postgres::notice","threadName":"main","threadId":"ThreadId(1)"}
{"timestamp":"2026-02-28T15:15:07.547207Z","level":"INFO","fields":{"message":"关系 \"app_migrations\" 已经存在, 跳过"},"target":"sqlx::postgres::notice","threadName":"main","threadId":"ThreadId(1)"}
{"timestamp":"2026-02-28T15:15:07.548166Z","level":"INFO","fields":{"message":"关系 \"app_migrations\" 已经存在, 跳过"},"target":"sqlx::postgres::notice","threadName":"main","threadId":"ThreadId(1)"}
{"timestamp":"2026-02-28T15:15:07.549069Z","level":"INFO","fields":{"message":"关系 \"app_migrations\" 已经存在, 跳过"},"target":"sqlx::postgres::notice","threadName":"main","threadId":"ThreadId(1)"}
{"timestamp":"2026-02-28T15:15:07.550501Z","level":"INFO","fields":{"message":"startup: running auth expiration compensation"},"target":"pure_admin_thin_tauri_lib","threadName":"main","threadId":"ThreadId(1)"}
{"timestamp":"2026-02-28T15:15:07.670290Z","level":"INFO","fields":{"summary":"UPDATE \"users\" SET \"is_active\" …","db.statement":"\n\nUPDATE \"users\" SET \"is_active\" = $1, \"updated_at\" = $2 WHERE \"users\".\"is_active\" = $3 AND \"users\".\"account_is_permanent\" = $4 AND \"users\".\"account_expire_at\" IS NOT NULL AND \"users\".\"account_expire_at\" <= $5\n","rows_affected":0,"rows_returned":0,"elapsed":"9.0916ms","elapsed_secs":0.0090916},"target":"sqlx::query","threadName":"main","threadId":"ThreadId(1)"}
{"timestamp":"2026-02-28T15:15:07.670531Z","level":"INFO","fields":{"message":"startup: initializing notice database"},"target":"pure_admin_thin_tauri_lib","threadName":"main","threadId":"ThreadId(1)"}
{"timestamp":"2026-02-28T15:15:07.779484Z","level":"INFO","fields":{"message":"关系 \"notice_items\" 已经存在, 跳过"},"target":"sqlx::postgres::notice","threadName":"main","threadId":"ThreadId(1)"}
{"timestamp":"2026-02-28T15:36:13.562970Z","level":"INFO","fields":{"message":"tracing initialized","level":"info","directory":"logs"},"target":"pure_admin_thin_tauri_lib::core::tracing","threadName":"main","threadId":"ThreadId(1)"}
{"timestamp":"2026-02-28T15:36:14.052026Z","level":"INFO","fields":{"message":"startup: configuring database url"},"target":"pure_admin_thin_tauri_lib","threadName":"main","threadId":"ThreadId(1)"}
{"timestamp":"2026-02-28T15:36:14.052110Z","level":"INFO","fields":{"message":"startup: initializing business database"},"target":"pure_admin_thin_tauri_lib","threadName":"main","threadId":"ThreadId(1)"}
{"timestamp":"2026-02-28T15:36:14.202970Z","level":"INFO","fields":{"message":"关系 \"users\" 已经存在, 跳过"},"target":"sqlx::postgres::notice","threadName":"main","threadId":"ThreadId(1)"}
{"timestamp":"2026-02-28T15:36:14.204671Z","level":"INFO","fields":{"message":"关系 \"user_roles\" 已经存在, 跳过"},"target":"sqlx::postgres::notice","threadName":"main","threadId":"ThreadId(1)"}
{"timestamp":"2026-02-28T15:36:14.204723Z","level":"INFO","fields":{"message":"关系 \"permissions\" 已经存在, 跳过"},"target":"sqlx::postgres::notice","threadName":"main","threadId":"ThreadId(1)"}
{"timestamp":"2026-02-28T15:36:14.204744Z","level":"INFO","fields":{"message":"关系 \"user_permissions\" 已经存在, 跳过"},"target":"sqlx::postgres::notice","threadName":"main","threadId":"ThreadId(1)"}
{"timestamp":"2026-02-28T15:36:14.204764Z","level":"INFO","fields":{"message":"关系 \"routes\" 已经存在, 跳过"},"target":"sqlx::postgres::notice","threadName":"main","threadId":"ThreadId(1)"}
{"timestamp":"2026-02-28T15:36:14.204782Z","level":"INFO","fields":{"message":"关系 \"route_roles\" 已经存在, 跳过"},"target":"sqlx::postgres::notice","threadName":"main","threadId":"ThreadId(1)"}
{"timestamp":"2026-02-28T15:36:14.204801Z","level":"INFO","fields":{"message":"关系 \"route_auths\" 已经存在, 跳过"},"target":"sqlx::postgres::notice","threadName":"main","threadId":"ThreadId(1)"}
{"timestamp":"2026-02-28T15:36:14.204818Z","level":"INFO","fields":{"message":"关系 \"device_registry\" 已经存在, 跳过"},"target":"sqlx::postgres::notice","threadName":"main","threadId":"ThreadId(1)"}
{"timestamp":"2026-02-28T15:36:14.204836Z","level":"INFO","fields":{"message":"关系 \"casbin_rule\" 已经存在, 跳过"},"target":"sqlx::postgres::notice","threadName":"main","threadId":"ThreadId(1)"}
{"timestamp":"2026-02-28T15:36:14.234959Z","level":"INFO","fields":{"message":"关系 \"app_migrations\" 已经存在, 跳过"},"target":"sqlx::postgres::notice","threadName":"main","threadId":"ThreadId(1)"}
{"timestamp":"2026-02-28T15:36:14.236967Z","level":"INFO","fields":{"message":"关系 \"app_migrations\" 已经存在, 跳过"},"target":"sqlx::postgres::notice","threadName":"main","threadId":"ThreadId(1)"}
{"timestamp":"2026-02-28T15:36:14.237401Z","level":"INFO","fields":{"message":"关系 \"app_migrations\" 已经存在, 跳过"},"target":"sqlx::postgres::notice","threadName":"main","threadId":"ThreadId(1)"}
{"timestamp":"2026-02-28T15:36:14.237755Z","level":"INFO","fields":{"message":"关系 \"app_migrations\" 已经存在, 跳过"},"target":"sqlx::postgres::notice","threadName":"main","threadId":"ThreadId(1)"}
{"timestamp":"2026-02-28T15:36:14.238583Z","level":"INFO","fields":{"message":"startup: running auth expiration compensation"},"target":"pure_admin_thin_tauri_lib","threadName":"main","threadId":"ThreadId(1)"}
{"timestamp":"2026-02-28T15:36:14.306965Z","level":"INFO","fields":{"summary":"UPDATE \"users\" SET \"is_active\" …","db.statement":"\n\nUPDATE \"users\" SET \"is_active\" = $1, \"updated_at\" = $2 WHERE \"users\".\"is_active\" = $3 AND \"users\".\"account_is_permanent\" = $4 AND \"users\".\"account_expire_at\" IS NOT NULL AND \"users\".\"account_expire_at\" <= $5\n","rows_affected":0,"rows_returned":0,"elapsed":"6.3049ms","elapsed_secs":0.0063049},"target":"sqlx::query","threadName":"main","threadId":"ThreadId(1)"}
{"timestamp":"2026-02-28T15:36:14.307116Z","level":"INFO","fields":{"message":"startup: initializing notice database"},"target":"pure_admin_thin_tauri_lib","threadName":"main","threadId":"ThreadId(1)"}
{"timestamp":"2026-02-28T15:36:14.372136Z","level":"INFO","fields":{"message":"关系 \"notice_items\" 已经存在, 跳过"},"target":"sqlx::postgres::notice","threadName":"main","threadId":"ThreadId(1)"}
{"timestamp":"2026-02-28T15:36:33.843997Z","level":"INFO","fields":{"message":"new"},"target":"pure_admin_thin_tauri_lib::core::tracing","span":{"command":"auth_get_async_routes","request_id":"fe-mm6hhm3c-vkv188-auth_get_async_routes-1","name":"tauri_request"},"spans":[],"threadName":"main","threadId":"ThreadId(1)"}
{"timestamp":"2026-02-28T15:36:33.844064Z","level":"INFO","fields":{"message":"request started"},"target":"pure_admin_thin_tauri_lib::core::tracing","span":{"command":"auth_get_async_routes","request_id":"fe-mm6hhm3c-vkv188-auth_get_async_routes-1","name":"tauri_request"},"spans":[{"command":"auth_get_async_routes","request_id":"fe-mm6hhm3c-vkv188-auth_get_async_routes-1","name":"tauri_request"}],"threadName":"main","threadId":"ThreadId(1)"}
{"timestamp":"2026-02-28T15:36:33.928753Z","level":"INFO","fields":{"message":"request completed"},"target":"pure_admin_thin_tauri_lib::core::tracing","span":{"command":"auth_get_async_routes","request_id":"fe-mm6hhm3c-vkv188-auth_get_async_routes-1","name":"tauri_request"},"spans":[{"command":"auth_get_async_routes","request_id":"fe-mm6hhm3c-vkv188-auth_get_async_routes-1","name":"tauri_request"}],"threadName":"main","threadId":"ThreadId(1)"}
{"timestamp":"2026-02-28T15:36:33.928845Z","level":"INFO","fields":{"message":"close","time.busy":"84.8ms","time.idle":"167µs"},"target":"pure_admin_thin_tauri_lib::core::tracing","span":{"command":"auth_get_async_routes","request_id":"fe-mm6hhm3c-vkv188-auth_get_async_routes-1","name":"tauri_request"},"spans":[],"threadName":"main","threadId":"ThreadId(1)"}
{"timestamp":"2026-02-28T15:36:34.693849Z","level":"INFO","fields":{"message":"new"},"target":"pure_admin_thin_tauri_lib::core::tracing","span":{"command":"notice_get_unread_items","request_id":"fe-mm6hhm3c-vkv188-notice_get_unread_items-2","name":"tauri_request"},"spans":[],"threadName":"main","threadId":"ThreadId(1)"}
{"timestamp":"2026-02-28T15:36:34.693903Z","level":"INFO","fields":{"message":"request started"},"target":"pure_admin_thin_tauri_lib::core::tracing","span":{"command":"notice_get_unread_items","request_id":"fe-mm6hhm3c-vkv188-notice_get_unread_items-2","name":"tauri_request"},"spans":[{"command":"notice_get_unread_items","request_id":"fe-mm6hhm3c-vkv188-notice_get_unread_items-2","name":"tauri_request"}],"threadName":"main","threadId":"ThreadId(1)"}
{"timestamp":"2026-02-28T15:36:34.771480Z","level":"INFO","fields":{"message":"request completed"},"target":"pure_admin_thin_tauri_lib::core::tracing","span":{"command":"notice_get_unread_items","request_id":"fe-mm6hhm3c-vkv188-notice_get_unread_items-2","name":"tauri_request"},"spans":[{"command":"notice_get_unread_items","request_id":"fe-mm6hhm3c-vkv188-notice_get_unread_items-2","name":"tauri_request"}],"threadName":"main","threadId":"ThreadId(1)"}
{"timestamp":"2026-02-28T15:36:34.771569Z","level":"INFO","fields":{"message":"close","time.busy":"77.7ms","time.idle":"114µs"},"target":"pure_admin_thin_tauri_lib::core::tracing","span":{"command":"notice_get_unread_items","request_id":"fe-mm6hhm3c-vkv188-notice_get_unread_items-2","name":"tauri_request"},"spans":[],"threadName":"main","threadId":"ThreadId(1)"}
{"timestamp":"2026-02-28T15:36:34.772275Z","level":"INFO","fields":{"message":"new"},"target":"pure_admin_thin_tauri_lib::core::tracing","span":{"command":"notice_get_read_items","request_id":"fe-mm6hhm3c-vkv188-notice_get_read_items-3","name":"tauri_request"},"spans":[],"threadName":"main","threadId":"ThreadId(1)"}
{"timestamp":"2026-02-28T15:36:34.772315Z","level":"INFO","fields":{"message":"request started"},"target":"pure_admin_thin_tauri_lib::core::tracing","span":{"command":"notice_get_read_items","request_id":"fe-mm6hhm3c-vkv188-notice_get_read_items-3","name":"tauri_request"},"spans":[{"command":"notice_get_read_items","request_id":"fe-mm6hhm3c-vkv188-notice_get_read_items-3","name":"tauri_request"}],"threadName":"main","threadId":"ThreadId(1)"}
{"timestamp":"2026-02-28T15:36:34.844402Z","level":"ERROR","fields":{"message":"request failed","error":"error occurred while decoding column 6: unexpected null; try decoding as an `Option`"},"target":"pure_admin_thin_tauri_lib::core::tracing","span":{"command":"notice_get_read_items","request_id":"fe-mm6hhm3c-vkv188-notice_get_read_items-3","name":"tauri_request"},"spans":[{"command":"notice_get_read_items","request_id":"fe-mm6hhm3c-vkv188-notice_get_read_items-3","name":"tauri_request"}],"threadName":"main","threadId":"ThreadId(1)"}
{"timestamp":"2026-02-28T15:36:34.844501Z","level":"INFO","fields":{"message":"close","time.busy":"72.2ms","time.idle":"91.0µs"},"target":"pure_admin_thin_tauri_lib::core::tracing","span":{"command":"notice_get_read_items","request_id":"fe-mm6hhm3c-vkv188-notice_get_read_items-3","name":"tauri_request"},"spans":[],"threadName":"main","threadId":"ThreadId(1)"}
{"timestamp":"2026-02-28T15:36:41.179764Z","level":"INFO","fields":{"message":"new"},"target":"pure_admin_thin_tauri_lib::core::tracing","span":{"command":"auth_login","request_id":"fe-mm6hhm3c-vkv188-auth_login-4","name":"tauri_request"},"spans":[],"threadName":"main","threadId":"ThreadId(1)"}
{"timestamp":"2026-02-28T15:36:41.179816Z","level":"INFO","fields":{"message":"request started"},"target":"pure_admin_thin_tauri_lib::core::tracing","span":{"command":"auth_login","request_id":"fe-mm6hhm3c-vkv188-auth_login-4","name":"tauri_request"},"spans":[{"command":"auth_login","request_id":"fe-mm6hhm3c-vkv188-auth_login-4","name":"tauri_request"}],"threadName":"main","threadId":"ThreadId(1)"}
{"timestamp":"2026-02-28T15:36:41.315852Z","level":"INFO","fields":{"summary":"SELECT \"users\".\"id\", \"users\".\"username\", \"users\".\"password\", …","db.statement":"\n\nSELECT \"users\".\"id\", \"users\".\"username\", \"users\".\"password\", \"users\".\"nickname\", \"users\".\"avatar\", \"users\".\"is_active\", \"users\".\"phone\", \"users\".\"account_is_permanent\", \"users\".\"account_valid_days\", \"users\".\"account_expire_at\", \"users\".\"created_at\", \"users\".\"updated_at\", \"users\".\"created_by\" FROM \"users\" WHERE \"users\".\"username\" = $1 LIMIT $2\n","rows_affected":1,"rows_returned":1,"elapsed":"4.1666ms","elapsed_secs":0.0041666},"target":"sqlx::query","span":{"command":"auth_login","request_id":"fe-mm6hhm3c-vkv188-auth_login-4","name":"tauri_request"},"spans":[{"command":"auth_login","request_id":"fe-mm6hhm3c-vkv188-auth_login-4","name":"tauri_request"}],"threadName":"main","threadId":"ThreadId(1)"}
{"timestamp":"2026-02-28T15:36:41.316360Z","level":"INFO","fields":{"message":"request completed"},"target":"pure_admin_thin_tauri_lib::core::tracing","span":{"command":"auth_login","request_id":"fe-mm6hhm3c-vkv188-auth_login-4","name":"tauri_request"},"spans":[{"command":"auth_login","request_id":"fe-mm6hhm3c-vkv188-auth_login-4","name":"tauri_request"}],"threadName":"main","threadId":"ThreadId(1)"}
{"timestamp":"2026-02-28T15:36:41.316428Z","level":"INFO","fields":{"message":"close","time.busy":"137ms","time.idle":"122µs"},"target":"pure_admin_thin_tauri_lib::core::tracing","span":{"command":"auth_login","request_id":"fe-mm6hhm3c-vkv188-auth_login-4","name":"tauri_request"},"spans":[],"threadName":"main","threadId":"ThreadId(1)"}
{"timestamp":"2026-02-28T15:36:41.319403Z","level":"INFO","fields":{"message":"new"},"target":"pure_admin_thin_tauri_lib::core::tracing","span":{"command":"auth_get_async_routes","request_id":"fe-mm6hhm3c-vkv188-auth_get_async_routes-5","name":"tauri_request"},"spans":[],"threadName":"main","threadId":"ThreadId(1)"}
{"timestamp":"2026-02-28T15:36:41.319465Z","level":"INFO","fields":{"message":"request started"},"target":"pure_admin_thin_tauri_lib::core::tracing","span":{"command":"auth_get_async_routes","request_id":"fe-mm6hhm3c-vkv188-auth_get_async_routes-5","name":"tauri_request"},"spans":[{"command":"auth_get_async_routes","request_id":"fe-mm6hhm3c-vkv188-auth_get_async_routes-5","name":"tauri_request"}],"threadName":"main","threadId":"ThreadId(1)"}
{"timestamp":"2026-02-28T15:36:41.388143Z","level":"INFO","fields":{"message":"request completed"},"target":"pure_admin_thin_tauri_lib::core::tracing","span":{"command":"auth_get_async_routes","request_id":"fe-mm6hhm3c-vkv188-auth_get_async_routes-5","name":"tauri_request"},"spans":[{"command":"auth_get_async_routes","request_id":"fe-mm6hhm3c-vkv188-auth_get_async_routes-5","name":"tauri_request"}],"threadName":"main","threadId":"ThreadId(1)"}
{"timestamp":"2026-02-28T15:36:41.388215Z","level":"INFO","fields":{"message":"close","time.busy":"68.7ms","time.idle":"127µs"},"target":"pure_admin_thin_tauri_lib::core::tracing","span":{"command":"auth_get_async_routes","request_id":"fe-mm6hhm3c-vkv188-auth_get_async_routes-5","name":"tauri_request"},"spans":[],"threadName":"main","threadId":"ThreadId(1)"}
{"timestamp":"2026-02-28T15:36:41.435419Z","level":"INFO","fields":{"message":"new"},"target":"pure_admin_thin_tauri_lib::core::tracing","span":{"command":"notice_get_unread_items","request_id":"fe-mm6hhm3c-vkv188-notice_get_unread_items-6","name":"tauri_request"},"spans":[],"threadName":"main","threadId":"ThreadId(1)"}
{"timestamp":"2026-02-28T15:36:41.435540Z","level":"INFO","fields":{"message":"request started"},"target":"pure_admin_thin_tauri_lib::core::tracing","span":{"command":"notice_get_unread_items","request_id":"fe-mm6hhm3c-vkv188-notice_get_unread_items-6","name":"tauri_request"},"spans":[{"command":"notice_get_unread_items","request_id":"fe-mm6hhm3c-vkv188-notice_get_unread_items-6","name":"tauri_request"}],"threadName":"main","threadId":"ThreadId(1)"}
{"timestamp":"2026-02-28T15:36:41.513617Z","level":"INFO","fields":{"message":"request completed"},"target":"pure_admin_thin_tauri_lib::core::tracing","span":{"command":"notice_get_unread_items","request_id":"fe-mm6hhm3c-vkv188-notice_get_unread_items-6","name":"tauri_request"},"spans":[{"command":"notice_get_unread_items","request_id":"fe-mm6hhm3c-vkv188-notice_get_unread_items-6","name":"tauri_request"}],"threadName":"main","threadId":"ThreadId(1)"}
{"timestamp":"2026-02-28T15:36:41.513715Z","level":"INFO","fields":{"message":"close","time.busy":"78.2ms","time.idle":"125µs"},"target":"pure_admin_thin_tauri_lib::core::tracing","span":{"command":"notice_get_unread_items","request_id":"fe-mm6hhm3c-vkv188-notice_get_unread_items-6","name":"tauri_request"},"spans":[],"threadName":"main","threadId":"ThreadId(1)"}
{"timestamp":"2026-02-28T15:36:41.514455Z","level":"INFO","fields":{"message":"new"},"target":"pure_admin_thin_tauri_lib::core::tracing","span":{"command":"notice_get_read_items","request_id":"fe-mm6hhm3c-vkv188-notice_get_read_items-7","name":"tauri_request"},"spans":[],"threadName":"main","threadId":"ThreadId(1)"}
{"timestamp":"2026-02-28T15:36:41.514497Z","level":"INFO","fields":{"message":"request started"},"target":"pure_admin_thin_tauri_lib::core::tracing","span":{"command":"notice_get_read_items","request_id":"fe-mm6hhm3c-vkv188-notice_get_read_items-7","name":"tauri_request"},"spans":[{"command":"notice_get_read_items","request_id":"fe-mm6hhm3c-vkv188-notice_get_read_items-7","name":"tauri_request"}],"threadName":"main","threadId":"ThreadId(1)"}
{"timestamp":"2026-02-28T15:36:41.587912Z","level":"ERROR","fields":{"message":"request failed","error":"error occurred while decoding column 6: unexpected null; try decoding as an `Option`"},"target":"pure_admin_thin_tauri_lib::core::tracing","span":{"command":"notice_get_read_items","request_id":"fe-mm6hhm3c-vkv188-notice_get_read_items-7","name":"tauri_request"},"spans":[{"command":"notice_get_read_items","request_id":"fe-mm6hhm3c-vkv188-notice_get_read_items-7","name":"tauri_request"}],"threadName":"main","threadId":"ThreadId(1)"}
{"timestamp":"2026-02-28T15:36:41.588004Z","level":"INFO","fields":{"message":"close","time.busy":"73.5ms","time.idle":"99.9µs"},"target":"pure_admin_thin_tauri_lib::core::tracing","span":{"command":"notice_get_read_items","request_id":"fe-mm6hhm3c-vkv188-notice_get_read_items-7","name":"tauri_request"},"spans":[],"threadName":"main","threadId":"ThreadId(1)"}
{"timestamp":"2026-02-28T15:37:01.458584Z","level":"INFO","fields":{"message":"new"},"target":"pure_admin_thin_tauri_lib::core::tracing","span":{"command":"auth_admin_list_users","request_id":"fe-mm6hhm3c-vkv188-auth_admin_list_users-8","name":"tauri_request"},"spans":[],"threadName":"main","threadId":"ThreadId(1)"}
{"timestamp":"2026-02-28T15:37:01.458638Z","level":"INFO","fields":{"message":"request started"},"target":"pure_admin_thin_tauri_lib::core::tracing","span":{"command":"auth_admin_list_users","request_id":"fe-mm6hhm3c-vkv188-auth_admin_list_users-8","name":"tauri_request"},"spans":[{"command":"auth_admin_list_users","request_id":"fe-mm6hhm3c-vkv188-auth_admin_list_users-8","name":"tauri_request"}],"threadName":"main","threadId":"ThreadId(1)"}
{"timestamp":"2026-02-28T15:37:01.611374Z","level":"INFO","fields":{"message":"关系 \"casbin_rule\" 已经存在, 跳过"},"target":"sqlx::postgres::notice","span":{"command":"auth_admin_list_users","request_id":"fe-mm6hhm3c-vkv188-auth_admin_list_users-8","name":"tauri_request"},"spans":[{"command":"auth_admin_list_users","request_id":"fe-mm6hhm3c-vkv188-auth_admin_list_users-8","name":"tauri_request"}],"threadName":"main","threadId":"ThreadId(1)"}
{"timestamp":"2026-02-28T15:37:01.689566Z","level":"INFO","fields":{"message":"request completed"},"target":"pure_admin_thin_tauri_lib::core::tracing","span":{"command":"auth_admin_list_users","request_id":"fe-mm6hhm3c-vkv188-auth_admin_list_users-8","name":"tauri_request"},"spans":[{"command":"auth_admin_list_users","request_id":"fe-mm6hhm3c-vkv188-auth_admin_list_users-8","name":"tauri_request"}],"threadName":"main","threadId":"ThreadId(1)"}
{"timestamp":"2026-02-28T15:37:01.689737Z","level":"INFO","fields":{"message":"close","time.busy":"231ms","time.idle":"166µs"},"target":"pure_admin_thin_tauri_lib::core::tracing","span":{"command":"auth_admin_list_users","request_id":"fe-mm6hhm3c-vkv188-auth_admin_list_users-8","name":"tauri_request"},"spans":[],"threadName":"main","threadId":"ThreadId(1)"}
